[2022-11-10 09:46:00] local.ERROR: Illuminate\Auth\AuthenticationException: Unauthenticated. in /home/moso/masterprueba/vendor/laravel/framework/src/Illuminate/Auth/Middleware/Authenticate.php:82
Stack trace:
#0 /home/moso/masterprueba/vendor/laravel/framework/src/Illuminate/Auth/Middleware/Authenticate.php(68): Illuminate\Auth\Middleware\Authenticate->unauthenticated(Object(Illuminate\Http\Request), Array)
#1 /home/moso/masterprueba/vendor/laravel/framework/src/Illuminate/Auth/Middleware/Authenticate.php(42): Illuminate\Auth\Middleware\Authenticate->authenticate(Object(Illuminate\Http\Request), Array)
#2 /home/moso/masterprueba/vendor/laravel/framework/src/Illuminate/Pipeline/Pipeline.php(180): Illuminate\Auth\Middleware\Authenticate->handle(Object(Illuminate\Http\Request), Object(Closure))
#3 /home/moso/masterprueba/vendor/laravel/framework/src/Illuminate/Foundation/Http/Middleware/VerifyCsrfToken.php(78): Illuminate\Pipeline\Pipeline->Illuminate\Pipeline\{closure}(Object(Illuminate\Http\Request))
#4 /home/moso/masterprueba/vendor/laravel/framework/src/Illuminate/Pipeline/Pipeline.php(180): Illuminate\Foundation\Http\Middleware\VerifyCsrfToken->handle(Object(Illuminate\Http\Request), Object(Closure))
#5 /home/moso/masterprueba/vendor/laravel/framework/src/Illuminate/View/Middleware/ShareErrorsFromSession.php(49): Illuminate\Pipeline\Pipeline->Illuminate\Pipeline\{closure}(Object(Illuminate\Http\Request))
#6 /home/moso/masterprueba/vendor/laravel/framework/src/Illuminate/Pipeline/Pipeline.php(180): Illuminate\View\Middleware\ShareErrorsFromSession->handle(Object(Illuminate\Http\Request), Object(Closure))
#7 /home/moso/masterprueba/vendor/laravel/framework/src/Illuminate/Session/Middleware/StartSession.php(121): Illuminate\Pipeline\Pipeline->Illuminate\Pipeline\{closure}(Object(Illuminate\Http\Request))
#8 /home/moso/masterprueba/vendor/laravel/framework/src/Illuminate/Session/Middleware/StartSession.php(64): Illuminate\Session\Middleware\StartSession->handleStatefulRequest(Object(Illuminate\Http\Request), Object(Illuminate\Session\Store), Object(Closure))
#9 /home/moso/masterprueba/vendor/laravel/framework/src/Illuminate/Pipeline/Pipeline.php(180): Illuminate\Session\Middleware\StartSession->handle(Object(Illuminate\Http\Request), Object(Closure))
#10 /home/moso/masterprueba/vendor/laravel/framework/src/Illuminate/Cookie/Middleware/AddQueuedCookiesToResponse.php(37): Illuminate\Pipeline\Pipeline->Illuminate\Pipeline\{closure}(Object(Illuminate\Http\Request))
#11 /home/moso/masterprueba/vendor/laravel/framework/src/Illuminate/Pipeline/Pipeline.php(180): Illuminate\Cookie\Middleware\AddQueuedCookiesToResponse->handle(Object(Illuminate\Http\Request), Object(Closure))
#12 /home/moso/masterprueba/vendor/laravel/framework/src/Illuminate/Cookie/Middleware/EncryptCookies.php(67): Illuminate\Pipeline\Pipeline->Illuminate\Pipeline\{closure}(Object(Illuminate\Http\Request))
#13 /home/moso/masterprueba/vendor/laravel/framework/src/Illuminate/Pipeline/Pipeline.php(180): Illuminate\Cookie\Middleware\EncryptCookies->handle(Object(Illuminate\Http\Request), Object(Closure))
#14 /home/moso/masterprueba/vendor/laravel/framework/src/Illuminate/Pipeline/Pipeline.php(116): Illuminate\Pipeline\Pipeline->Illuminate\Pipeline\{closure}(Object(Illuminate\Http\Request))
#15 /home/moso/masterprueba/vendor/laravel/framework/src/Illuminate/Routing/Router.php(726): Illuminate\Pipeline\Pipeline->then(Object(Closure))
#16 /home/moso/masterprueba/vendor/laravel/framework/src/Illuminate/Routing/Router.php(703): Illuminate\Routing\Router->runRouteWithinStack(Object(Illuminate\Routing\Route), Object(Illuminate\Http\Request))
#17 /home/moso/masterprueba/vendor/laravel/framework/src/Illuminate/Routing/Router.php(667): Illuminate\Routing\Router->runRoute(Object(Illuminate\Http\Request), Object(Illuminate\Routing\Route))
#18 /home/moso/masterprueba/vendor/laravel/framework/src/Illuminate/Routing/Router.php(656): Illuminate\Routing\Router->dispatchToRoute(Object(Illuminate\Http\Request))
#19 /home/moso/masterprueba/vendor/laravel/framework/src/Illuminate/Foundation/Http/Kernel.php(189): Illuminate\Routing\Router->dispatch(Object(Illuminate\Http\Request))
#20 /home/moso/masterprueba/vendor/laravel/framework/src/Illuminate/Pipeline/Pipeline.php(141): Illuminate\Foundation\Http\Kernel->Illuminate\Foundation\Http\{closure}(Object(Illuminate\Http\Request))
#21 /home/moso/masterprueba/vendor/livewire/livewire/src/DisableBrowserCache.php(19): Illuminate\Pipeline\Pipeline->Illuminate\Pipeline\{closure}(Object(Illuminate\Http\Request))
#22 /home/moso/masterprueba/vendor/laravel/framework/src/Illuminate/Pipeline/Pipeline.php(180): Livewire\DisableBrowserCache->handle(Object(Illuminate\Http\Request), Object(Closure))
#23 /home/moso/masterprueba/vendor/barryvdh/laravel-debugbar/src/Middleware/InjectDebugbar.php(59): Illuminate\Pipeline\Pipeline->Illuminate\Pipeline\{closure}(Object(Illuminate\Http\Request))
#24 /home/moso/masterprueba/vendor/laravel/framework/src/Illuminate/Pipeline/Pipeline.php(180): Barryvdh\Debugbar\Middleware\InjectDebugbar->handle(Object(Illuminate\Http\Request), Object(Closure))
#25 /home/moso/masterprueba/app/Http/Middleware/DebugMiddleware.php(35): Illuminate\Pipeline\Pipeline->Illuminate\Pipeline\{closure}(Object(Illuminate\Http\Request))
#26 /home/moso/masterprueba/vendor/laravel/framework/src/Illuminate/Pipeline/Pipeline.php(180): App\Http\Middleware\DebugMiddleware->handle(Object(Illuminate\Http\Request), Object(Closure))
#27 /home/moso/masterprueba/vendor/laravel/framework/src/Illuminate/Foundation/Http/Middleware/TransformsRequest.php(21): Illuminate\Pipeline\Pipeline->Illuminate\Pipeline\{closure}(Object(Illuminate\Http\Request))
#28 /home/moso/masterprueba/vendor/laravel/framework/src/Illuminate/Foundation/Http/Middleware/ConvertEmptyStringsToNull.php(31): Illuminate\Foundation\Http\Middleware\TransformsRequest->handle(Object(Illuminate\Http\Request), Object(Closure))
#29 /home/moso/masterprueba/vendor/laravel/framework/src/Illuminate/Pipeline/Pipeline.php(180): Illuminate\Foundation\Http\Middleware\ConvertEmptyStringsToNull->handle(Object(Illuminate\Http\Request), Object(Closure))
#30 /home/moso/masterprueba/vendor/laravel/framework/src/Illuminate/Foundation/Http/Middleware/TransformsRequest.php(21): Illuminate\Pipeline\Pipeline->Illuminate\Pipeline\{closure}(Object(Illuminate\Http\Request))
#31 /home/moso/masterprueba/vendor/laravel/framework/src/Illuminate/Foundation/Http/Middleware/TrimStrings.php(40): Illuminate\Foundation\Http\Middleware\TransformsRequest->handle(Object(Illuminate\Http\Request), Object(Closure))
#32 /home/moso/masterprueba/vendor/laravel/framework/src/Illuminate/Pipeline/Pipeline.php(180): Illuminate\Foundation\Http\Middleware\TrimStrings->handle(Object(Illuminate\Http\Request), Object(Closure))
#33 /home/moso/masterprueba/vendor/laravel/framework/src/Illuminate/Foundation/Http/Middleware/ValidatePostSize.php(27): Illuminate\Pipeline\Pipeline->Illuminate\Pipeline\{closure}(Object(Illuminate\Http\Request))
#34 /home/moso/masterprueba/vendor/laravel/framework/src/Illuminate/Pipeline/Pipeline.php(180): Illuminate\Foundation\Http\Middleware\ValidatePostSize->handle(Object(Illuminate\Http\Request), Object(Closure))
#35 /home/moso/masterprueba/vendor/laravel/framework/src/Illuminate/Foundation/Http/Middleware/PreventRequestsDuringMaintenance.php(86): Illuminate\Pipeline\Pipeline->Illuminate\Pipeline\{closure}(Object(Illuminate\Http\Request))
#36 /home/moso/masterprueba/vendor/laravel/framework/src/Illuminate/Pipeline/Pipeline.php(180): Illuminate\Foundation\Http\Middleware\PreventRequestsDuringMaintenance->handle(Object(Illuminate\Http\Request), Object(Closure))
#37 /home/moso/masterprueba/vendor/laravel/framework/src/Illuminate/Http/Middleware/HandleCors.php(49): Illuminate\Pipeline\Pipeline->Illuminate\Pipeline\{closure}(Object(Illuminate\Http\Request))
#38 /home/moso/masterprueba/vendor/laravel/framework/src/Illuminate/Pipeline/Pipeline.php(180): Illuminate\Http\Middleware\HandleCors->handle(Object(Illuminate\Http\Request), Object(Closure))
#39 /home/moso/masterprueba/vendor/laravel/framework/src/Illuminate/Http/Middleware/TrustProxies.php(39): Illuminate\Pipeline\Pipeline->Illuminate\Pipeline\{closure}(Object(Illuminate\Http\Request))
#40 /home/moso/masterprueba/vendor/laravel/framework/src/Illuminate/Pipeline/Pipeline.php(180): Illuminate\Http\Middleware\TrustProxies->handle(Object(Illuminate\Http\Request), Object(Closure))
#41 /home/moso/masterprueba/vendor/laravel/framework/src/Illuminate/Pipeline/Pipeline.php(116): Illuminate\Pipeline\Pipeline->Illuminate\Pipeline\{closure}(Object(Illuminate\Http\Request))
#42 /home/moso/masterprueba/vendor/laravel/framework/src/Illuminate/Foundation/Http/Kernel.php(164): Illuminate\Pipeline\Pipeline->then(Object(Closure))
#43 /home/moso/masterprueba/vendor/laravel/framework/src/Illuminate/Foundation/Http/Kernel.php(133): Illuminate\Foundation\Http\Kernel->sendRequestThroughRouter(Object(Illuminate\Http\Request))
#44 /home/moso/masterprueba/public/index.php(53): Illuminate\Foundation\Http\Kernel->handle(Object(Illuminate\Http\Request))
#45 {main}  
[2022-11-10 11:15:29] local.ERROR: Symfony\Component\HttpKernel\Exception\NotFoundHttpException in /home/moso/masterprueba/vendor/laravel/framework/src/Illuminate/Routing/AbstractRouteCollection.php:44
Stack trace:
#0 /home/moso/masterprueba/vendor/laravel/framework/src/Illuminate/Routing/RouteCollection.php(162): Illuminate\Routing\AbstractRouteCollection->handleMatchedRoute(Object(Illuminate\Http\Request), NULL)
#1 /home/moso/masterprueba/vendor/laravel/framework/src/Illuminate/Routing/Router.php(680): Illuminate\Routing\RouteCollection->match(Object(Illuminate\Http\Request))
#2 /home/moso/masterprueba/vendor/laravel/framework/src/Illuminate/Routing/Router.php(667): Illuminate\Routing\Router->findRoute(Object(Illuminate\Http\Request))
#3 /home/moso/masterprueba/vendor/laravel/framework/src/Illuminate/Routing/Router.php(656): Illuminate\Routing\Router->dispatchToRoute(Object(Illuminate\Http\Request))
#4 /home/moso/masterprueba/vendor/laravel/framework/src/Illuminate/Foundation/Http/Kernel.php(189): Illuminate\Routing\Router->dispatch(Object(Illuminate\Http\Request))
#5 /home/moso/masterprueba/vendor/laravel/framework/src/Illuminate/Pipeline/Pipeline.php(141): Illuminate\Foundation\Http\Kernel->Illuminate\Foundation\Http\{closure}(Object(Illuminate\Http\Request))
#6 /home/moso/masterprueba/vendor/livewire/livewire/src/DisableBrowserCache.php(19): Illuminate\Pipeline\Pipeline->Illuminate\Pipeline\{closure}(Object(Illuminate\Http\Request))
#7 /home/moso/masterprueba/vendor/laravel/framework/src/Illuminate/Pipeline/Pipeline.php(180): Livewire\DisableBrowserCache->handle(Object(Illuminate\Http\Request), Object(Closure))
#8 /home/moso/masterprueba/vendor/barryvdh/laravel-debugbar/src/Middleware/InjectDebugbar.php(59): Illuminate\Pipeline\Pipeline->Illuminate\Pipeline\{closure}(Object(Illuminate\Http\Request))
#9 /home/moso/masterprueba/vendor/laravel/framework/src/Illuminate/Pipeline/Pipeline.php(180): Barryvdh\Debugbar\Middleware\InjectDebugbar->handle(Object(Illuminate\Http\Request), Object(Closure))
#10 /home/moso/masterprueba/app/Http/Middleware/DebugMiddleware.php(35): Illuminate\Pipeline\Pipeline->Illuminate\Pipeline\{closure}(Object(Illuminate\Http\Request))
#11 /home/moso/masterprueba/vendor/laravel/framework/src/Illuminate/Pipeline/Pipeline.php(180): App\Http\Middleware\DebugMiddleware->handle(Object(Illuminate\Http\Request), Object(Closure))
#12 /home/moso/masterprueba/vendor/laravel/framework/src/Illuminate/Foundation/Http/Middleware/TransformsRequest.php(21): Illuminate\Pipeline\Pipeline->Illuminate\Pipeline\{closure}(Object(Illuminate\Http\Request))
#13 /home/moso/masterprueba/vendor/laravel/framework/src/Illuminate/Foundation/Http/Middleware/ConvertEmptyStringsToNull.php(31): Illuminate\Foundation\Http\Middleware\TransformsRequest->handle(Object(Illuminate\Http\Request), Object(Closure))
#14 /home/moso/masterprueba/vendor/laravel/framework/src/Illuminate/Pipeline/Pipeline.php(180): Illuminate\Foundation\Http\Middleware\ConvertEmptyStringsToNull->handle(Object(Illuminate\Http\Request), Object(Closure))
#15 /home/moso/masterprueba/vendor/laravel/framework/src/Illuminate/Foundation/Http/Middleware/TransformsRequest.php(21): Illuminate\Pipeline\Pipeline->Illuminate\Pipeline\{closure}(Object(Illuminate\Http\Request))
#16 /home/moso/masterprueba/vendor/laravel/framework/src/Illuminate/Foundation/Http/Middleware/TrimStrings.php(40): Illuminate\Foundation\Http\Middleware\TransformsRequest->handle(Object(Illuminate\Http\Request), Object(Closure))
#17 /home/moso/masterprueba/vendor/laravel/framework/src/Illuminate/Pipeline/Pipeline.php(180): Illuminate\Foundation\Http\Middleware\TrimStrings->handle(Object(Illuminate\Http\Request), Object(Closure))
#18 /home/moso/masterprueba/vendor/laravel/framework/src/Illuminate/Foundation/Http/Middleware/ValidatePostSize.php(27): Illuminate\Pipeline\Pipeline->Illuminate\Pipeline\{closure}(Object(Illuminate\Http\Request))
#19 /home/moso/masterprueba/vendor/laravel/framework/src/Illuminate/Pipeline/Pipeline.php(180): Illuminate\Foundation\Http\Middleware\ValidatePostSize->handle(Object(Illuminate\Http\Request), Object(Closure))
#20 /home/moso/masterprueba/vendor/laravel/framework/src/Illuminate/Foundation/Http/Middleware/PreventRequestsDuringMaintenance.php(86): Illuminate\Pipeline\Pipeline->Illuminate\Pipeline\{closure}(Object(Illuminate\Http\Request))
#21 /home/moso/masterprueba/vendor/laravel/framework/src/Illuminate/Pipeline/Pipeline.php(180): Illuminate\Foundation\Http\Middleware\PreventRequestsDuringMaintenance->handle(Object(Illuminate\Http\Request), Object(Closure))
#22 /home/moso/masterprueba/vendor/laravel/framework/src/Illuminate/Http/Middleware/HandleCors.php(49): Illuminate\Pipeline\Pipeline->Illuminate\Pipeline\{closure}(Object(Illuminate\Http\Request))
#23 /home/moso/masterprueba/vendor/laravel/framework/src/Illuminate/Pipeline/Pipeline.php(180): Illuminate\Http\Middleware\HandleCors->handle(Object(Illuminate\Http\Request), Object(Closure))
#24 /home/moso/masterprueba/vendor/laravel/framework/src/Illuminate/Http/Middleware/TrustProxies.php(39): Illuminate\Pipeline\Pipeline->Illuminate\Pipeline\{closure}(Object(Illuminate\Http\Request))
#25 /home/moso/masterprueba/vendor/laravel/framework/src/Illuminate/Pipeline/Pipeline.php(180): Illuminate\Http\Middleware\TrustProxies->handle(Object(Illuminate\Http\Request), Object(Closure))
#26 /home/moso/masterprueba/vendor/laravel/framework/src/Illuminate/Pipeline/Pipeline.php(116): Illuminate\Pipeline\Pipeline->Illuminate\Pipeline\{closure}(Object(Illuminate\Http\Request))
#27 /home/moso/masterprueba/vendor/laravel/framework/src/Illuminate/Foundation/Http/Kernel.php(164): Illuminate\Pipeline\Pipeline->then(Object(Closure))
#28 /home/moso/masterprueba/vendor/laravel/framework/src/Illuminate/Foundation/Http/Kernel.php(133): Illuminate\Foundation\Http\Kernel->sendRequestThroughRouter(Object(Illuminate\Http\Request))
#29 /home/moso/masterprueba/public/index.php(53): Illuminate\Foundation\Http\Kernel->handle(Object(Illuminate\Http\Request))
#30 {main}  
[2022-11-10 15:13:33] local.ERROR: Illuminate\Auth\AuthenticationException: Unauthenticated. in /home/moso/masterprueba/vendor/laravel/framework/src/Illuminate/Auth/Middleware/Authenticate.php:82
Stack trace:
#0 /home/moso/masterprueba/vendor/laravel/framework/src/Illuminate/Auth/Middleware/Authenticate.php(68): Illuminate\Auth\Middleware\Authenticate->unauthenticated(Object(Illuminate\Http\Request), Array)
#1 /home/moso/masterprueba/vendor/laravel/framework/src/Illuminate/Auth/Middleware/Authenticate.php(42): Illuminate\Auth\Middleware\Authenticate->authenticate(Object(Illuminate\Http\Request), Array)
#2 /home/moso/masterprueba/vendor/laravel/framework/src/Illuminate/Pipeline/Pipeline.php(180): Illuminate\Auth\Middleware\Authenticate->handle(Object(Illuminate\Http\Request), Object(Closure))
#3 /home/moso/masterprueba/vendor/laravel/framework/src/Illuminate/Foundation/Http/Middleware/VerifyCsrfToken.php(78): Illuminate\Pipeline\Pipeline->Illuminate\Pipeline\{closure}(Object(Illuminate\Http\Request))
#4 /home/moso/masterprueba/vendor/laravel/framework/src/Illuminate/Pipeline/Pipeline.php(180): Illuminate\Foundation\Http\Middleware\VerifyCsrfToken->handle(Object(Illuminate\Http\Request), Object(Closure))
#5 /home/moso/masterprueba/vendor/laravel/framework/src/Illuminate/View/Middleware/ShareErrorsFromSession.php(49): Illuminate\Pipeline\Pipeline->Illuminate\Pipeline\{closure}(Object(Illuminate\Http\Request))
#6 /home/moso/masterprueba/vendor/laravel/framework/src/Illuminate/Pipeline/Pipeline.php(180): Illuminate\View\Middleware\ShareErrorsFromSession->handle(Object(Illuminate\Http\Request), Object(Closure))
#7 /home/moso/masterprueba/vendor/laravel/framework/src/Illuminate/Session/Middleware/StartSession.php(121): Illuminate\Pipeline\Pipeline->Illuminate\Pipeline\{closure}(Object(Illuminate\Http\Request))
#8 /home/moso/masterprueba/vendor/laravel/framework/src/Illuminate/Session/Middleware/StartSession.php(64): Illuminate\Session\Middleware\StartSession->handleStatefulRequest(Object(Illuminate\Http\Request), Object(Illuminate\Session\Store), Object(Closure))
#9 /home/moso/masterprueba/vendor/laravel/framework/src/Illuminate/Pipeline/Pipeline.php(180): Illuminate\Session\Middleware\StartSession->handle(Object(Illuminate\Http\Request), Object(Closure))
#10 /home/moso/masterprueba/vendor/laravel/framework/src/Illuminate/Cookie/Middleware/AddQueuedCookiesToResponse.php(37): Illuminate\Pipeline\Pipeline->Illuminate\Pipeline\{closure}(Object(Illuminate\Http\Request))
#11 /home/moso/masterprueba/vendor/laravel/framework/src/Illuminate/Pipeline/Pipeline.php(180): Illuminate\Cookie\Middleware\AddQueuedCookiesToResponse->handle(Object(Illuminate\Http\Request), Object(Closure))
#12 /home/moso/masterprueba/vendor/laravel/framework/src/Illuminate/Cookie/Middleware/EncryptCookies.php(67): Illuminate\Pipeline\Pipeline->Illuminate\Pipeline\{closure}(Object(Illuminate\Http\Request))
#13 /home/moso/masterprueba/vendor/laravel/framework/src/Illuminate/Pipeline/Pipeline.php(180): Illuminate\Cookie\Middleware\EncryptCookies->handle(Object(Illuminate\Http\Request), Object(Closure))
#14 /home/moso/masterprueba/vendor/laravel/framework/src/Illuminate/Pipeline/Pipeline.php(116): Illuminate\Pipeline\Pipeline->Illuminate\Pipeline\{closure}(Object(Illuminate\Http\Request))
#15 /home/moso/masterprueba/vendor/laravel/framework/src/Illuminate/Routing/Router.php(726): Illuminate\Pipeline\Pipeline->then(Object(Closure))
#16 /home/moso/masterprueba/vendor/laravel/framework/src/Illuminate/Routing/Router.php(703): Illuminate\Routing\Router->runRouteWithinStack(Object(Illuminate\Routing\Route), Object(Illuminate\Http\Request))
#17 /home/moso/masterprueba/vendor/laravel/framework/src/Illuminate/Routing/Router.php(667): Illuminate\Routing\Router->runRoute(Object(Illuminate\Http\Request), Object(Illuminate\Routing\Route))
#18 /home/moso/masterprueba/vendor/laravel/framework/src/Illuminate/Routing/Router.php(656): Illuminate\Routing\Router->dispatchToRoute(Object(Illuminate\Http\Request))
#19 /home/moso/masterprueba/vendor/laravel/framework/src/Illuminate/Foundation/Http/Kernel.php(189): Illuminate\Routing\Router->dispatch(Object(Illuminate\Http\Request))
#20 /home/moso/masterprueba/vendor/laravel/framework/src/Illuminate/Pipeline/Pipeline.php(141): Illuminate\Foundation\Http\Kernel->Illuminate\Foundation\Http\{closure}(Object(Illuminate\Http\Request))
#21 /home/moso/masterprueba/vendor/livewire/livewire/src/DisableBrowserCache.php(19): Illuminate\Pipeline\Pipeline->Illuminate\Pipeline\{closure}(Object(Illuminate\Http\Request))
#22 /home/moso/masterprueba/vendor/laravel/framework/src/Illuminate/Pipeline/Pipeline.php(180): Livewire\DisableBrowserCache->handle(Object(Illuminate\Http\Request), Object(Closure))
#23 /home/moso/masterprueba/vendor/barryvdh/laravel-debugbar/src/Middleware/InjectDebugbar.php(59): Illuminate\Pipeline\Pipeline->Illuminate\Pipeline\{closure}(Object(Illuminate\Http\Request))
#24 /home/moso/masterprueba/vendor/laravel/framework/src/Illuminate/Pipeline/Pipeline.php(180): Barryvdh\Debugbar\Middleware\InjectDebugbar->handle(Object(Illuminate\Http\Request), Object(Closure))
#25 /home/moso/masterprueba/app/Http/Middleware/DebugMiddleware.php(35): Illuminate\Pipeline\Pipeline->Illuminate\Pipeline\{closure}(Object(Illuminate\Http\Request))
#26 /home/moso/masterprueba/vendor/laravel/framework/src/Illuminate/Pipeline/Pipeline.php(180): App\Http\Middleware\DebugMiddleware->handle(Object(Illuminate\Http\Request), Object(Closure))
#27 /home/moso/masterprueba/vendor/laravel/framework/src/Illuminate/Foundation/Http/Middleware/TransformsRequest.php(21): Illuminate\Pipeline\Pipeline->Illuminate\Pipeline\{closure}(Object(Illuminate\Http\Request))
#28 /home/moso/masterprueba/vendor/laravel/framework/src/Illuminate/Foundation/Http/Middleware/ConvertEmptyStringsToNull.php(31): Illuminate\Foundation\Http\Middleware\TransformsRequest->handle(Object(Illuminate\Http\Request), Object(Closure))
#29 /home/moso/masterprueba/vendor/laravel/framework/src/Illuminate/Pipeline/Pipeline.php(180): Illuminate\Foundation\Http\Middleware\ConvertEmptyStringsToNull->handle(Object(Illuminate\Http\Request), Object(Closure))
#30 /home/moso/masterprueba/vendor/laravel/framework/src/Illuminate/Foundation/Http/Middleware/TransformsRequest.php(21): Illuminate\Pipeline\Pipeline->Illuminate\Pipeline\{closure}(Object(Illuminate\Http\Request))
#31 /home/moso/masterprueba/vendor/laravel/framework/src/Illuminate/Foundation/Http/Middleware/TrimStrings.php(40): Illuminate\Foundation\Http\Middleware\TransformsRequest->handle(Object(Illuminate\Http\Request), Object(Closure))
#32 /home/moso/masterprueba/vendor/laravel/framework/src/Illuminate/Pipeline/Pipeline.php(180): Illuminate\Foundation\Http\Middleware\TrimStrings->handle(Object(Illuminate\Http\Request), Object(Closure))
#33 /home/moso/masterprueba/vendor/laravel/framework/src/Illuminate/Foundation/Http/Middleware/ValidatePostSize.php(27): Illuminate\Pipeline\Pipeline->Illuminate\Pipeline\{closure}(Object(Illuminate\Http\Request))
#34 /home/moso/masterprueba/vendor/laravel/framework/src/Illuminate/Pipeline/Pipeline.php(180): Illuminate\Foundation\Http\Middleware\ValidatePostSize->handle(Object(Illuminate\Http\Request), Object(Closure))
#35 /home/moso/masterprueba/vendor/laravel/framework/src/Illuminate/Foundation/Http/Middleware/PreventRequestsDuringMaintenance.php(86): Illuminate\Pipeline\Pipeline->Illuminate\Pipeline\{closure}(Object(Illuminate\Http\Request))
#36 /home/moso/masterprueba/vendor/laravel/framework/src/Illuminate/Pipeline/Pipeline.php(180): Illuminate\Foundation\Http\Middleware\PreventRequestsDuringMaintenance->handle(Object(Illuminate\Http\Request), Object(Closure))
#37 /home/moso/masterprueba/vendor/laravel/framework/src/Illuminate/Http/Middleware/HandleCors.php(49): Illuminate\Pipeline\Pipeline->Illuminate\Pipeline\{closure}(Object(Illuminate\Http\Request))
#38 /home/moso/masterprueba/vendor/laravel/framework/src/Illuminate/Pipeline/Pipeline.php(180): Illuminate\Http\Middleware\HandleCors->handle(Object(Illuminate\Http\Request), Object(Closure))
#39 /home/moso/masterprueba/vendor/laravel/framework/src/Illuminate/Http/Middleware/TrustProxies.php(39): Illuminate\Pipeline\Pipeline->Illuminate\Pipeline\{closure}(Object(Illuminate\Http\Request))
#40 /home/moso/masterprueba/vendor/laravel/framework/src/Illuminate/Pipeline/Pipeline.php(180): Illuminate\Http\Middleware\TrustProxies->handle(Object(Illuminate\Http\Request), Object(Closure))
#41 /home/moso/masterprueba/vendor/laravel/framework/src/Illuminate/Pipeline/Pipeline.php(116): Illuminate\Pipeline\Pipeline->Illuminate\Pipeline\{closure}(Object(Illuminate\Http\Request))
#42 /home/moso/masterprueba/vendor/laravel/framework/src/Illuminate/Foundation/Http/Kernel.php(164): Illuminate\Pipeline\Pipeline->then(Object(Closure))
#43 /home/moso/masterprueba/vendor/laravel/framework/src/Illuminate/Foundation/Http/Kernel.php(133): Illuminate\Foundation\Http\Kernel->sendRequestThroughRouter(Object(Illuminate\Http\Request))
#44 /home/moso/masterprueba/public/index.php(53): Illuminate\Foundation\Http\Kernel->handle(Object(Illuminate\Http\Request))
#45 {main}  
[2022-11-10 19:00:34] local.ERROR: Illuminate\Auth\AuthenticationException: Unauthenticated. in /home/moso/masterprueba/vendor/laravel/framework/src/Illuminate/Auth/Middleware/Authenticate.php:82
Stack trace:
#0 /home/moso/masterprueba/vendor/laravel/framework/src/Illuminate/Auth/Middleware/Authenticate.php(68): Illuminate\Auth\Middleware\Authenticate->unauthenticated(Object(Illuminate\Http\Request), Array)
#1 /home/moso/masterprueba/vendor/laravel/framework/src/Illuminate/Auth/Middleware/Authenticate.php(42): Illuminate\Auth\Middleware\Authenticate->authenticate(Object(Illuminate\Http\Request), Array)
#2 /home/moso/masterprueba/vendor/laravel/framework/src/Illuminate/Pipeline/Pipeline.php(180): Illuminate\Auth\Middleware\Authenticate->handle(Object(Illuminate\Http\Request), Object(Closure))
#3 /home/moso/masterprueba/vendor/laravel/framework/src/Illuminate/Foundation/Http/Middleware/VerifyCsrfToken.php(78): Illuminate\Pipeline\Pipeline->Illuminate\Pipeline\{closure}(Object(Illuminate\Http\Request))
#4 /home/moso/masterprueba/vendor/laravel/framework/src/Illuminate/Pipeline/Pipeline.php(180): Illuminate\Foundation\Http\Middleware\VerifyCsrfToken->handle(Object(Illuminate\Http\Request), Object(Closure))
#5 /home/moso/masterprueba/vendor/laravel/framework/src/Illuminate/View/Middleware/ShareErrorsFromSession.php(49): Illuminate\Pipeline\Pipeline->Illuminate\Pipeline\{closure}(Object(Illuminate\Http\Request))
#6 /home/moso/masterprueba/vendor/laravel/framework/src/Illuminate/Pipeline/Pipeline.php(180): Illuminate\View\Middleware\ShareErrorsFromSession->handle(Object(Illuminate\Http\Request), Object(Closure))
#7 /home/moso/masterprueba/vendor/laravel/framework/src/Illuminate/Session/Middleware/StartSession.php(121): Illuminate\Pipeline\Pipeline->Illuminate\Pipeline\{closure}(Object(Illuminate\Http\Request))
#8 /home/moso/masterprueba/vendor/laravel/framework/src/Illuminate/Session/Middleware/StartSession.php(64): Illuminate\Session\Middleware\StartSession->handleStatefulRequest(Object(Illuminate\Http\Request), Object(Illuminate\Session\Store), Object(Closure))
#9 /home/moso/masterprueba/vendor/laravel/framework/src/Illuminate/Pipeline/Pipeline.php(180): Illuminate\Session\Middleware\StartSession->handle(Object(Illuminate\Http\Request), Object(Closure))
#10 /home/moso/masterprueba/vendor/laravel/framework/src/Illuminate/Cookie/Middleware/AddQueuedCookiesToResponse.php(37): Illuminate\Pipeline\Pipeline->Illuminate\Pipeline\{closure}(Object(Illuminate\Http\Request))
#11 /home/moso/masterprueba/vendor/laravel/framework/src/Illuminate/Pipeline/Pipeline.php(180): Illuminate\Cookie\Middleware\AddQueuedCookiesToResponse->handle(Object(Illuminate\Http\Request), Object(Closure))
#12 /home/moso/masterprueba/vendor/laravel/framework/src/Illuminate/Cookie/Middleware/EncryptCookies.php(67): Illuminate\Pipeline\Pipeline->Illuminate\Pipeline\{closure}(Object(Illuminate\Http\Request))
#13 /home/moso/masterprueba/vendor/laravel/framework/src/Illuminate/Pipeline/Pipeline.php(180): Illuminate\Cookie\Middleware\EncryptCookies->handle(Object(Illuminate\Http\Request), Object(Closure))
#14 /home/moso/masterprueba/vendor/laravel/framework/src/Illuminate/Pipeline/Pipeline.php(116): Illuminate\Pipeline\Pipeline->Illuminate\Pipeline\{closure}(Object(Illuminate\Http\Request))
#15 /home/moso/masterprueba/vendor/laravel/framework/src/Illuminate/Routing/Router.php(726): Illuminate\Pipeline\Pipeline->then(Object(Closure))
#16 /home/moso/masterprueba/vendor/laravel/framework/src/Illuminate/Routing/Router.php(703): Illuminate\Routing\Router->runRouteWithinStack(Object(Illuminate\Routing\Route), Object(Illuminate\Http\Request))
#17 /home/moso/masterprueba/vendor/laravel/framework/src/Illuminate/Routing/Router.php(667): Illuminate\Routing\Router->runRoute(Object(Illuminate\Http\Request), Object(Illuminate\Routing\Route))
#18 /home/moso/masterprueba/vendor/laravel/framework/src/Illuminate/Routing/Router.php(656): Illuminate\Routing\Router->dispatchToRoute(Object(Illuminate\Http\Request))
#19 /home/moso/masterprueba/vendor/laravel/framework/src/Illuminate/Foundation/Http/Kernel.php(189): Illuminate\Routing\Router->dispatch(Object(Illuminate\Http\Request))
#20 /home/moso/masterprueba/vendor/laravel/framework/src/Illuminate/Pipeline/Pipeline.php(141): Illuminate\Foundation\Http\Kernel->Illuminate\Foundation\Http\{closure}(Object(Illuminate\Http\Request))
#21 /home/moso/masterprueba/vendor/livewire/livewire/src/DisableBrowserCache.php(19): Illuminate\Pipeline\Pipeline->Illuminate\Pipeline\{closure}(Object(Illuminate\Http\Request))
#22 /home/moso/masterprueba/vendor/laravel/framework/src/Illuminate/Pipeline/Pipeline.php(180): Livewire\DisableBrowserCache->handle(Object(Illuminate\Http\Request), Object(Closure))
#23 /home/moso/masterprueba/vendor/barryvdh/laravel-debugbar/src/Middleware/InjectDebugbar.php(59): Illuminate\Pipeline\Pipeline->Illuminate\Pipeline\{closure}(Object(Illuminate\Http\Request))
#24 /home/moso/masterprueba/vendor/laravel/framework/src/Illuminate/Pipeline/Pipeline.php(180): Barryvdh\Debugbar\Middleware\InjectDebugbar->handle(Object(Illuminate\Http\Request), Object(Closure))
#25 /home/moso/masterprueba/app/Http/Middleware/DebugMiddleware.php(35): Illuminate\Pipeline\Pipeline->Illuminate\Pipeline\{closure}(Object(Illuminate\Http\Request))
#26 /home/moso/masterprueba/vendor/laravel/framework/src/Illuminate/Pipeline/Pipeline.php(180): App\Http\Middleware\DebugMiddleware->handle(Object(Illuminate\Http\Request), Object(Closure))
#27 /home/moso/masterprueba/vendor/laravel/framework/src/Illuminate/Foundation/Http/Middleware/TransformsRequest.php(21): Illuminate\Pipeline\Pipeline->Illuminate\Pipeline\{closure}(Object(Illuminate\Http\Request))
#28 /home/moso/masterprueba/vendor/laravel/framework/src/Illuminate/Foundation/Http/Middleware/ConvertEmptyStringsToNull.php(31): Illuminate\Foundation\Http\Middleware\TransformsRequest->handle(Object(Illuminate\Http\Request), Object(Closure))
#29 /home/moso/masterprueba/vendor/laravel/framework/src/Illuminate/Pipeline/Pipeline.php(180): Illuminate\Foundation\Http\Middleware\ConvertEmptyStringsToNull->handle(Object(Illuminate\Http\Request), Object(Closure))
#30 /home/moso/masterprueba/vendor/laravel/framework/src/Illuminate/Foundation/Http/Middleware/TransformsRequest.php(21): Illuminate\Pipeline\Pipeline->Illuminate\Pipeline\{closure}(Object(Illuminate\Http\Request))
#31 /home/moso/masterprueba/vendor/laravel/framework/src/Illuminate/Foundation/Http/Middleware/TrimStrings.php(40): Illuminate\Foundation\Http\Middleware\TransformsRequest->handle(Object(Illuminate\Http\Request), Object(Closure))
#32 /home/moso/masterprueba/vendor/laravel/framework/src/Illuminate/Pipeline/Pipeline.php(180): Illuminate\Foundation\Http\Middleware\TrimStrings->handle(Object(Illuminate\Http\Request), Object(Closure))
#33 /home/moso/masterprueba/vendor/laravel/framework/src/Illuminate/Foundation/Http/Middleware/ValidatePostSize.php(27): Illuminate\Pipeline\Pipeline->Illuminate\Pipeline\{closure}(Object(Illuminate\Http\Request))
#34 /home/moso/masterprueba/vendor/laravel/framework/src/Illuminate/Pipeline/Pipeline.php(180): Illuminate\Foundation\Http\Middleware\ValidatePostSize->handle(Object(Illuminate\Http\Request), Object(Closure))
#35 /home/moso/masterprueba/vendor/laravel/framework/src/Illuminate/Foundation/Http/Middleware/PreventRequestsDuringMaintenance.php(86): Illuminate\Pipeline\Pipeline->Illuminate\Pipeline\{closure}(Object(Illuminate\Http\Request))
#36 /home/moso/masterprueba/vendor/laravel/framework/src/Illuminate/Pipeline/Pipeline.php(180): Illuminate\Foundation\Http\Middleware\PreventRequestsDuringMaintenance->handle(Object(Illuminate\Http\Request), Object(Closure))
#37 /home/moso/masterprueba/vendor/laravel/framework/src/Illuminate/Http/Middleware/HandleCors.php(49): Illuminate\Pipeline\Pipeline->Illuminate\Pipeline\{closure}(Object(Illuminate\Http\Request))
#38 /home/moso/masterprueba/vendor/laravel/framework/src/Illuminate/Pipeline/Pipeline.php(180): Illuminate\Http\Middleware\HandleCors->handle(Object(Illuminate\Http\Request), Object(Closure))
#39 /home/moso/masterprueba/vendor/laravel/framework/src/Illuminate/Http/Middleware/TrustProxies.php(39): Illuminate\Pipeline\Pipeline->Illuminate\Pipeline\{closure}(Object(Illuminate\Http\Request))
#40 /home/moso/masterprueba/vendor/laravel/framework/src/Illuminate/Pipeline/Pipeline.php(180): Illuminate\Http\Middleware\TrustProxies->handle(Object(Illuminate\Http\Request), Object(Closure))
#41 /home/moso/masterprueba/vendor/laravel/framework/src/Illuminate/Pipeline/Pipeline.php(116): Illuminate\Pipeline\Pipeline->Illuminate\Pipeline\{closure}(Object(Illuminate\Http\Request))
#42 /home/moso/masterprueba/vendor/laravel/framework/src/Illuminate/Foundation/Http/Kernel.php(164): Illuminate\Pipeline\Pipeline->then(Object(Closure))
#43 /home/moso/masterprueba/vendor/laravel/framework/src/Illuminate/Foundation/Http/Kernel.php(133): Illuminate\Foundation\Http\Kernel->sendRequestThroughRouter(Object(Illuminate\Http\Request))
#44 /home/moso/masterprueba/public/index.php(53): Illuminate\Foundation\Http\Kernel->handle(Object(Illuminate\Http\Request))
#45 {main}  
